<?xml version="1.0" encoding="utf-8"?><testsuites name="pytest tests"><testsuite name="pytest" errors="0" failures="0" skipped="0" tests="25" time="13.924" timestamp="2026-06-12T13:19:39.028833+00:00" hostname="agent-env-5ff565e5-6ae4-49d6-a84d-df7e2da2f705"><testcase classname="backend.tests.test_famly_backend" name="test_01_root" time="0.333" /><testcase classname="backend.tests.test_famly_backend" name="test_02_admin_login" time="0.577" /><testcase classname="backend.tests.test_famly_backend" name="test_03_register_users" time="2.005" /><testcase classname="backend.tests.test_famly_backend" name="test_04_register_duplicate" time="0.235" /><testcase classname="backend.tests.test_famly_backend" name="test_05_auth_me" time="0.224" /><testcase classname="backend.tests.test_famly_backend" name="test_06_auth_unauth" time="0.345" /><testcase classname="backend.tests.test_famly_backend" name="test_07_create_family" time="0.302" /><testcase classname="backend.tests.test_famly_backend" name="test_08_join_family_u2" time="0.291" /><testcase classname="backend.tests.test_famly_backend" name="test_09_join_family_u3_limit" time="0.306" /><testcase classname="backend.tests.test_famly_backend" name="test_10_families_me_limits" time="0.315" /><testcase classname="backend.tests.test_famly_backend" name="test_11_create_expense" time="0.318" /><testcase classname="backend.tests.test_famly_backend" name="test_12_create_task" time="0.330" /><testcase classname="backend.tests.test_famly_backend" name="test_13_task_complete_toggle" time="0.226" /><testcase classname="backend.tests.test_famly_backend" name="test_14_task_delete" time="0.516" /><testcase classname="backend.tests.test_famly_backend" name="test_15_checkout_session_security" time="1.555" /><testcase classname="backend.tests.test_famly_backend" name="test_16_checkout_status" time="0.760" /><testcase classname="backend.tests.test_famly_backend" name="test_17_checkout_status_cross_user_denied" time="0.257" /><testcase classname="backend.tests.test_famly_backend" name="test_18_admin_stats_requires_admin" time="0.209" /><testcase classname="backend.tests.test_famly_backend" name="test_19_admin_stats" time="0.248" /><testcase classname="backend.tests.test_famly_backend" name="test_20_admin_subscribers" time="0.271" /><testcase classname="backend.tests.test_famly_backend" name="test_21_admin_upgrade_grants_unlimited" time="0.999" /><testcase classname="backend.tests.test_famly_backend" name="test_22_admin_downgrade" time="0.442" /><testcase classname="backend.tests.test_famly_backend" name="test_23_admin_suspend_blocks_writes_allows_reads" time="1.371" /><testcase classname="backend.tests.test_famly_backend" name="test_24_admin_unsuspend" time="0.454" /><testcase classname="backend.tests.test_famly_backend" name="test_25_cleanup" time="0.002" /></testsuite></testsuites>