<?xml version="1.0" encoding="utf-8"?><testsuites name="pytest tests"><testsuite name="pytest" errors="0" failures="0" skipped="0" tests="24" time="57.283" timestamp="2026-06-12T14:14:37.329575+00:00" hostname="agent-env-5ff565e5-6ae4-49d6-a84d-df7e2da2f705"><testcase classname="backend.tests.test_famly_backend.TestAuthRegression" name="test_admin_login" time="0.853" /><testcase classname="backend.tests.test_famly_backend.TestAuthRegression" name="test_me" time="0.264" /><testcase classname="backend.tests.test_famly_backend.TestAuthRegression" name="test_register_duplicate" time="1.027" /><testcase classname="backend.tests.test_famly_backend.TestFamilyRegression" name="test_family_create_join_limit" time="3.023" /><testcase classname="backend.tests.test_famly_backend.TestExpensesTasks" name="test_create_expense_and_task" time="1.194" /><testcase classname="backend.tests.test_famly_backend.TestAdminRegression" name="test_stats" time="0.377" /><testcase classname="backend.tests.test_famly_backend.TestAdminRegression" name="test_subscribers" time="0.303" /><testcase classname="backend.tests.test_famly_backend.TestAdminRegression" name="test_upgrade_downgrade_suspend" time="2.262" /><testcase classname="backend.tests.test_famly_backend.TestAnalytics" name="test_track_and_admin" time="0.792" /><testcase classname="backend.tests.test_famly_backend.TestSettings" name="test_public_settings" time="0.365" /><testcase classname="backend.tests.test_famly_backend.TestSettings" name="test_admin_get_requires_admin" time="0.381" /><testcase classname="backend.tests.test_famly_backend.TestSettings" name="test_admin_put_normalization" time="0.493" /><testcase classname="backend.tests.test_famly_backend.TestSettings" name="test_admin_put_plus_prefix" time="0.522" /><testcase classname="backend.tests.test_famly_backend.TestSettings" name="test_non_admin_put_forbidden" time="0.273" /><testcase classname="backend.tests.test_famly_backend.TestUpgradeRequestFlow" name="test_request_upgrade_503_when_empty" time="0.492" /><testcase classname="backend.tests.test_famly_backend.TestUpgradeRequestFlow" name="test_request_upgrade_returns_wa_url" time="0.894" /><testcase classname="backend.tests.test_famly_backend.TestUpgradeRequestFlow" name="test_upload_proof_and_admin_view" time="1.235" /><testcase classname="backend.tests.test_famly_backend.TestUpgradeRequestFlow" name="test_upload_proof_too_large" time="0.472" /><testcase classname="backend.tests.test_famly_backend.TestUpgradeRequestFlow" name="test_my_request_no_proof" time="0.316" /><testcase classname="backend.tests.test_famly_backend.TestUpgradeRequestFlow" name="test_my_request_null" time="1.119" /><testcase classname="backend.tests.test_famly_backend.TestUpgradeRequestFlow" name="test_admin_list_non_admin_403" time="0.193" /><testcase classname="backend.tests.test_famly_backend.TestUpgradeRequestFlow" name="test_admin_proof_non_admin_403" time="0.229" /><testcase classname="backend.tests.test_famly_backend.TestUpgradeRequestFlow" name="test_approve_grants_premium" time="1.193" /><testcase classname="backend.tests.test_famly_backend.TestUpgradeRequestFlow" name="test_reject_does_not_grant" time="37.663" /></testsuite></testsuites>